<?xml version="1.0" encoding="UTF-8"?>
<!-- Generated by org.testng.reporters.JUnitReportReporter -->
<testsuite hostname="ITFD234ER" failures="0" tests="2" name="maven.selenium.TestNGDemo" time="0.034" errors="0" timestamp="2022-09-09T21:26:28 EET" skipped="0">
  <testcase classname="maven.selenium.TestNGDemo" name="userPageTitle" time="0.011"/>
  <system-out/>
  <testcase classname="maven.selenium.TestNGDemo" name="userLogin" time="0.023"/>
  <system-out/>
</testsuite> <!-- maven.selenium.TestNGDemo -->
